<?xml version="1.0" encoding="UTF-8"?>
<!-- Generated by org.testng.reporters.JUnitReportReporter -->
<testsuite hostname="DESKTOP-QFCL18R" failures="0" tests="1" name="testCase.Commom" time="10.834" errors="0" timestamp="2023-08-17T22:58:28 IST" skipped="0">
  <testcase classname="testCase.Commom" name="checkSocialIcon" time="10.834"/>
</testsuite> <!-- testCase.Commom -->
