<?xml version="1.0" encoding="UTF-8"?>
<!-- Generated by org.testng.reporters.JUnitReportReporter -->
<testsuite hostname="DESKTOP-QFCL18R" failures="0" tests="1" name="testCase.TestCase_HowManyCategories" time="12.313" errors="0" timestamp="2023-08-15T09:28:29 IST" skipped="0">
  <testcase classname="testCase.TestCase_HowManyCategories" name="checkCategory" time="12.313"/>
</testsuite> <!-- testCase.TestCase_HowManyCategories -->
