<?xml version="1.0" encoding="UTF-8"?>
<!-- Generated by org.testng.reporters.JUnitReportReporter -->
<testsuite hostname="DESKTOP-QFCL18R" failures="0" tests="1" name="testCase.TestCase_CheckWebSiteIsLive" time="15.968" errors="0" timestamp="2023-08-14T23:52:30 IST" skipped="0">
  <testcase classname="testCase.TestCase_CheckWebSiteIsLive" name="checkUrl" time="15.968"/>
</testsuite> <!-- testCase.TestCase_CheckWebSiteIsLive -->
